<?xml version="1.0" encoding="utf-8"?><testsuites name="pytest tests"><testsuite name="pytest" errors="0" failures="0" skipped="0" tests="8" time="4.851" timestamp="2025-09-15T17:28:23.759967+02:00" hostname="DESKTOP-0665V7I"><testcase classname="test.test_api.TestCalculatorApi" name="test_add_api" time="2.062" /><testcase classname="test.test_api.TestCalculatorApi" name="test_generated_code" time="2.502" /><testcase classname="test.test_unit.TestCalculator" name="test_add[2-2-4]" time="0.001" /><testcase classname="test.test_unit.TestCalculator" name="test_add[3-3-6]" time="0.001" /><testcase classname="test.test_unit.TestCalculator" name="test_sub" time="0.000" /><testcase classname="test.test_unit.TestCalculator" name="test_mult" time="0.000" /><testcase classname="test.test_unit.TestCalculator" name="test_div" time="0.000" /><testcase classname="test.test_unit.TestCalculator" name="test_div_by_zero" time="0.001" /></testsuite></testsuites>